<?xml version="1.0" encoding="UTF-8"?>
<testsuite xmlns:xsi="http://www.w3.org/2001/XMLSchema-instance" xsi:noNamespaceSchemaLocation="https://maven.apache.org/surefire/maven-surefire-plugin/xsd/surefire-test-report.xsd" name="TestSuite" time="253.312" tests="13" errors="0" skipped="0" failures="1">
  <properties>
[...]
</properties>
  <testcase name="asUserTryBuyAnAdditionalPackageFromTheStore" classname="Tests.BuyAnAdditionalPackageFromTheStore" time="7.901"/>
  <testcase name="asUserTryBuyFunctionalitiesWithExceedingTheAmountToBeUsedFromTheStore" classname="Tests.BuyingFunctionalityInTheStoreAndExceedingTheAmountToBeUsed" time="7.341"/>
  <testcase name="asUserTryBuyNewFunctionalitiesFromTheStore" classname="Tests.BuyingNewFunctionalitiesFromTheStore" time="6.376"/>
  <testcase name="asUserTryExportCsvFile" classname="Tests.CsvExport" time="5.777"/>
  <testcase name="asUserTryEditUserSettings" classname="Tests.EditConnectionsSettingsTest" time="7.177"/>
  <testcase name="asUserTryGenerateCyclicalReport" classname="Tests.GenerateCyclicalReport" time="7.547"/>
  <testcase name="asUserTryGenerateSingleReport" classname="Tests.GenerateSingleReport" time="6.345"/>
  <testcase name="asUserTryImportCsvFile" classname="Tests.ImportCsv" time="3.47"/>
  <testcase name="asUserTryLogintoAccountFail" classname="Tests.LoginFailedTest" time="5.534"/>
  <testcase name="asUserTryPositiveLogintoAccount" classname="Tests.PositiveLoginTest" time="1.895"/>
  <testcase name="asUserTryEditTagsInRecords" classname="Tests.RecordingTest" time="9.381"/>
  <testcase name="asUserTrySearchUserOnTheList" classname="Tests.SearchUserOnListTest" time="6.296">
    <failure message="did not expect to find [true] but found [false]" type="java.lang.AssertionError">java.lang.AssertionError: did not expect to find [true] but found [false]
	at Tests.SearchUserOnListTest.asUserTrySearchUserOnTheList(SearchUserOnListTest.java:22)
</failure>
    <system-err><![CDATA[cze 10, 2020 12:05:53 PM org.openqa.selenium.remote.ProtocolHandshake createSession
INFO: Detected dialect: W3C
]]></system-err>
  </testcase>
  <testcase name="asUserTrySellFunctionalitiesFromTheStore" classname="Tests.SellingFunctionalityFromTheStore" time="5.204"/>
</testsuite>