-------------------------------------------------------------------------------
Test set: TestSuite
-------------------------------------------------------------------------------
Tests run: 13, Failures: 1, Errors: 0, Skipped: 0, Time elapsed: 253.312 s <<< FAILURE! - in TestSuite
asUserTrySearchUserOnTheList(Tests.SearchUserOnListTest)  Time elapsed: 6.296 s  <<< FAILURE!
java.lang.AssertionError: did not expect to find [true] but found [false]
	at Tests.SearchUserOnListTest.asUserTrySearchUserOnTheList(SearchUserOnListTest.java:22)

