<?xml version="1.0" encoding="UTF-8"?>
<!-- Generated by org.testng.reporters.JUnitXMLReporter -->
<testsuite hostname="LENOVO-PBLDPFA" ignored="0" name="BuyAnAdditionalPackageFromTheStore" tests="1" failures="0" timestamp="2020-06-17T08:47:20 CEST" time="24.115" errors="0">
  <testcase name="asUserTryBuyAnAdditionalPackageFromTheStore" time="0.0" classname="Tests.BuyAnAdditionalPackageFromTheStore">
    <skipped/>
  </testcase> <!-- asUserTryBuyAnAdditionalPackageFromTheStore -->
</testsuite> <!-- BuyAnAdditionalPackageFromTheStore -->
