<?xml version="1.0" encoding="UTF-8"?>
<!-- Generated by org.testng.reporters.JUnitXMLReporter -->
<testsuite hostname="DESKTOP-7K73ORV" ignored="0" name="BuyingFunctionalityInTheStoreAndExceedingTheAmountToBeUsed" tests="1" failures="0" timestamp="2020-06-10T12:02:57 CEST" time="18.879" errors="0">
  <testcase name="asUserTryBuyFunctionalitiesWithExceedingTheAmountToBeUsedFromTheStore" time="7.338" classname="Tests.BuyingFunctionalityInTheStoreAndExceedingTheAmountToBeUsed"/>
</testsuite> <!-- BuyingFunctionalityInTheStoreAndExceedingTheAmountToBeUsed -->
