<?xml version="1.0" encoding="UTF-8"?>
<!-- Generated by org.testng.reporters.JUnitXMLReporter -->
<testsuite hostname="LENOVO-PBLDPFA" ignored="0" name="BuyingNewFunctionalitiesFromTheStore" tests="1" failures="0" timestamp="2020-06-17T08:48:02 CEST" time="21.053" errors="0">
  <testcase name="asUserTryBuyNewFunctionalitiesFromTheStore" time="0.0" classname="Tests.BuyingNewFunctionalitiesFromTheStore">
    <skipped/>
  </testcase> <!-- asUserTryBuyNewFunctionalitiesFromTheStore -->
</testsuite> <!-- BuyingNewFunctionalitiesFromTheStore -->
