<?xml version="1.0" encoding="UTF-8"?>
<!-- Generated by org.testng.reporters.JUnitXMLReporter -->
<testsuite hostname="LENOVO-PBLDPFA" ignored="0" name="BuyingFunctionalityInTheStoreAndExceedingTheAmountToBeUsed" tests="1" failures="0" timestamp="2020-06-17T08:47:41 CEST" time="21.087" errors="0">
  <testcase name="asUserTryBuyFunctionalitiesWithExceedingTheAmountToBeUsedFromTheStore" time="0.0" classname="Tests.BuyingFunctionalityInTheStoreAndExceedingTheAmountToBeUsed">
    <skipped/>
  </testcase> <!-- asUserTryBuyFunctionalitiesWithExceedingTheAmountToBeUsedFromTheStore -->
</testsuite> <!-- BuyingFunctionalityInTheStoreAndExceedingTheAmountToBeUsed -->
