<?xml version="1.0" encoding="UTF-8"?>
<!-- Generated by org.testng.reporters.JUnitXMLReporter -->
<testsuite hostname="DESKTOP-7K73ORV" ignored="0" name="SearchUserOnListTest" tests="1" failures="1" timestamp="2020-06-10T12:06:07 CEST" time="18.21" errors="0">
  <testcase name="asUserTrySearchUserOnTheList" time="6.284" classname="Tests.SearchUserOnListTest">
    <failure type="java.lang.AssertionError" message="did not expect to find [true] but found [false]">
      <![CDATA[java.lang.AssertionError: did not expect to find [true] but found [false]
at PageObject.UserList.checkIfTheUserYouAreLookingForExists(UserList.java:66)
at Tests.SearchUserOnListTest.asUserTrySearchUserOnTheList(SearchUserOnListTest.java:22)
at java.util.ArrayList.forEach(ArrayList.java:1257)
... Removed 35 stack frames]]>
    </failure>
  </testcase> <!-- asUserTrySearchUserOnTheList -->
</testsuite> <!-- SearchUserOnListTest -->
